Build started 11/30/2014 7:09:01 PM.
     1>Project "C:\Users\PANAGIOTIS\Documents\GitHub\panagiotis-arx\ConsoleApplication7\ConsoleApplication7.vcxproj" on node 2 (Build target(s)).
     1>ClCompile:
         C:\Program Files (x86)\Microsoft Visual Studio 11.0\VC\bin\CL.exe /c /ZI /nologo /W3 /WX- /Od /Oy- /D WIN32 /D _DEBUG /D _CONSOLE /D _UNICODE /D UNICODE /Gm /EHsc /RTC1 /MDd /GS /fp:precise /Zc:wchar_t /Zc:forScope /Fo"Debug\\" /Fd"Debug\vc110.pdb" /Gd /TC /analyze- /errorReport:prompt Source.c
         Source.c
     1>c:\users\panagiotis\documents\github\panagiotis-arx\consoleapplication7\source.c(40): warning C4996: 'fopen': This function or variable may be unsafe. Consider using fopen_s instead. To disable deprecation, use _CRT_SECURE_NO_WARNINGS. See online help for details.
                 c:\program files (x86)\microsoft visual studio 11.0\vc\include\stdio.h(218) : see declaration of 'fopen'
     1>c:\users\panagiotis\documents\github\panagiotis-arx\consoleapplication7\source.c(41): warning C4996: 'fopen': This function or variable may be unsafe. Consider using fopen_s instead. To disable deprecation, use _CRT_SECURE_NO_WARNINGS. See online help for details.
                 c:\program files (x86)\microsoft visual studio 11.0\vc\include\stdio.h(218) : see declaration of 'fopen'
     1>c:\users\panagiotis\documents\github\panagiotis-arx\consoleapplication7\source.c(42): warning C4996: 'fopen': This function or variable may be unsafe. Consider using fopen_s instead. To disable deprecation, use _CRT_SECURE_NO_WARNINGS. See online help for details.
                 c:\program files (x86)\microsoft visual studio 11.0\vc\include\stdio.h(218) : see declaration of 'fopen'
     1>c:\users\panagiotis\documents\github\panagiotis-arx\consoleapplication7\source.c(43): warning C4996: 'fopen': This function or variable may be unsafe. Consider using fopen_s instead. To disable deprecation, use _CRT_SECURE_NO_WARNINGS. See online help for details.
                 c:\program files (x86)\microsoft visual studio 11.0\vc\include\stdio.h(218) : see declaration of 'fopen'
     1>c:\users\panagiotis\documents\github\panagiotis-arx\consoleapplication7\source.c(44): warning C4996: 'fopen': This function or variable may be unsafe. Consider using fopen_s instead. To disable deprecation, use _CRT_SECURE_NO_WARNINGS. See online help for details.
                 c:\program files (x86)\microsoft visual studio 11.0\vc\include\stdio.h(218) : see declaration of 'fopen'
     1>c:\users\panagiotis\documents\github\panagiotis-arx\consoleapplication7\source.c(45): warning C4996: 'fopen': This function or variable may be unsafe. Consider using fopen_s instead. To disable deprecation, use _CRT_SECURE_NO_WARNINGS. See online help for details.
                 c:\program files (x86)\microsoft visual studio 11.0\vc\include\stdio.h(218) : see declaration of 'fopen'
     1>c:\users\panagiotis\documents\github\panagiotis-arx\consoleapplication7\source.c(47): warning C4996: 'scanf': This function or variable may be unsafe. Consider using scanf_s instead. To disable deprecation, use _CRT_SECURE_NO_WARNINGS. See online help for details.
                 c:\program files (x86)\microsoft visual studio 11.0\vc\include\stdio.h(290) : see declaration of 'scanf'
     1>c:\users\panagiotis\documents\github\panagiotis-arx\consoleapplication7\source.c(48): warning C4996: 'fopen': This function or variable may be unsafe. Consider using fopen_s instead. To disable deprecation, use _CRT_SECURE_NO_WARNINGS. See online help for details.
                 c:\program files (x86)\microsoft visual studio 11.0\vc\include\stdio.h(218) : see declaration of 'fopen'
     1>c:\users\panagiotis\documents\github\panagiotis-arx\consoleapplication7\source.c(51): warning C4996: 'scanf': This function or variable may be unsafe. Consider using scanf_s instead. To disable deprecation, use _CRT_SECURE_NO_WARNINGS. See online help for details.
                 c:\program files (x86)\microsoft visual studio 11.0\vc\include\stdio.h(290) : see declaration of 'scanf'
     1>c:\users\panagiotis\documents\github\panagiotis-arx\consoleapplication7\source.c(88): warning C4996: 'fopen': This function or variable may be unsafe. Consider using fopen_s instead. To disable deprecation, use _CRT_SECURE_NO_WARNINGS. See online help for details.
                 c:\program files (x86)\microsoft visual studio 11.0\vc\include\stdio.h(218) : see declaration of 'fopen'
     1>c:\users\panagiotis\documents\github\panagiotis-arx\consoleapplication7\source.c(95): warning C4996: 'fopen': This function or variable may be unsafe. Consider using fopen_s instead. To disable deprecation, use _CRT_SECURE_NO_WARNINGS. See online help for details.
                 c:\program files (x86)\microsoft visual studio 11.0\vc\include\stdio.h(218) : see declaration of 'fopen'
     1>c:\users\panagiotis\documents\github\panagiotis-arx\consoleapplication7\source.c(125): warning C4013: 'system' undefined; assuming extern returning int
     1>c:\users\panagiotis\documents\github\panagiotis-arx\consoleapplication7\source.c(135): warning C4101: 'before_char' : unreferenced local variable
     1>c:\users\panagiotis\documents\github\panagiotis-arx\consoleapplication7\source.c(204): warning C4101: 'm' : unreferenced local variable
     1>c:\users\panagiotis\documents\github\panagiotis-arx\consoleapplication7\source.c(133): warning C4101: 'charakthras' : unreferenced local variable
     1>c:\users\panagiotis\documents\github\panagiotis-arx\consoleapplication7\source.c(721): warning C4101: 'before_char' : unreferenced local variable
     1>c:\users\panagiotis\documents\github\panagiotis-arx\consoleapplication7\source.c(758): warning C4101: 'name' : unreferenced local variable
     1>c:\users\panagiotis\documents\github\panagiotis-arx\consoleapplication7\source.c(764): warning C4101: 'nowstate' : unreferenced local variable
     1>c:\users\panagiotis\documents\github\panagiotis-arx\consoleapplication7\source.c(756): warning C4101: 'posostoepitixias' : unreferenced local variable
     1>c:\users\panagiotis\documents\github\panagiotis-arx\consoleapplication7\source.c(762): warning C4101: 'reality' : unreferenced local variable
     1>c:\users\panagiotis\documents\github\panagiotis-arx\consoleapplication7\source.c(780): warning C4101: 'm' : unreferenced local variable
     1>c:\users\panagiotis\documents\github\panagiotis-arx\consoleapplication7\source.c(726): warning C4101: 'j' : unreferenced local variable
     1>c:\users\panagiotis\documents\github\panagiotis-arx\consoleapplication7\source.c(719): warning C4101: 'charakthras' : unreferenced local variable
     1>c:\users\panagiotis\documents\github\panagiotis-arx\consoleapplication7\source.c(1323): warning C4101: 'before_char' : unreferenced local variable
     1>c:\users\panagiotis\documents\github\panagiotis-arx\consoleapplication7\source.c(1360): warning C4101: 'name' : unreferenced local variable
     1>c:\users\panagiotis\documents\github\panagiotis-arx\consoleapplication7\source.c(1366): warning C4101: 'nowstate' : unreferenced local variable
     1>c:\users\panagiotis\documents\github\panagiotis-arx\consoleapplication7\source.c(1358): warning C4101: 'posostoepitixias' : unreferenced local variable
     1>c:\users\panagiotis\documents\github\panagiotis-arx\consoleapplication7\source.c(1364): warning C4101: 'reality' : unreferenced local variable
     1>c:\users\panagiotis\documents\github\panagiotis-arx\consoleapplication7\source.c(1382): warning C4101: 'm' : unreferenced local variable
     1>c:\users\panagiotis\documents\github\panagiotis-arx\consoleapplication7\source.c(1328): warning C4101: 'j' : unreferenced local variable
     1>c:\users\panagiotis\documents\github\panagiotis-arx\consoleapplication7\source.c(1935): warning C4101: 'before_char' : unreferenced local variable
     1>c:\users\panagiotis\documents\github\panagiotis-arx\consoleapplication7\source.c(1974): warning C4101: 'name' : unreferenced local variable
     1>c:\users\panagiotis\documents\github\panagiotis-arx\consoleapplication7\source.c(1980): warning C4101: 'nowstate' : unreferenced local variable
     1>c:\users\panagiotis\documents\github\panagiotis-arx\consoleapplication7\source.c(1972): warning C4101: 'posostoepitixias' : unreferenced local variable
     1>c:\users\panagiotis\documents\github\panagiotis-arx\consoleapplication7\source.c(1978): warning C4101: 'reality' : unreferenced local variable
     1>c:\users\panagiotis\documents\github\panagiotis-arx\consoleapplication7\source.c(2000): warning C4101: 'm' : unreferenced local variable
     1>c:\users\panagiotis\documents\github\panagiotis-arx\consoleapplication7\source.c(1940): warning C4101: 'j' : unreferenced local variable
     1>c:\users\panagiotis\documents\github\panagiotis-arx\consoleapplication7\source.c(1933): warning C4101: 'charakthras' : unreferenced local variable
       Link:
         C:\Program Files (x86)\Microsoft Visual Studio 11.0\VC\bin\link.exe /ERRORREPORT:PROMPT /OUT:"C:\Users\PANAGIOTIS\Documents\GitHub\panagiotis-arx\ConsoleApplication7\Debug\ConsoleApplication7.exe" /INCREMENTAL /NOLOGO kernel32.lib user32.lib gdi32.lib winspool.lib comdlg32.lib advapi32.lib shell32.lib ole32.lib oleaut32.lib uuid.lib odbc32.lib odbccp32.lib /MANIFEST /MANIFESTUAC:"level='asInvoker' uiAccess='false'" /manifest:embed /DEBUG /PDB:"C:\Users\PANAGIOTIS\Documents\GitHub\panagiotis-arx\ConsoleApplication7\Debug\ConsoleApplication7.pdb" /SUBSYSTEM:CONSOLE /TLBID:1 /DYNAMICBASE /NXCOMPAT /IMPLIB:"C:\Users\PANAGIOTIS\Documents\GitHub\panagiotis-arx\ConsoleApplication7\Debug\ConsoleApplication7.lib" /MACHINE:X86 Debug\Source.obj
         ConsoleApplication7.vcxproj -> C:\Users\PANAGIOTIS\Documents\GitHub\panagiotis-arx\ConsoleApplication7\Debug\ConsoleApplication7.exe
     1>Done Building Project "C:\Users\PANAGIOTIS\Documents\GitHub\panagiotis-arx\ConsoleApplication7\ConsoleApplication7.vcxproj" (Build target(s)).

Build succeeded.

Time Elapsed 00:00:00.52
